#
# There is insufficient memory for the Java Runtime Environment to continue.
# Native memory allocation (mmap) failed to map 68157440 bytes for committing reserved memory.
# Possible reasons:
#   The system is out of physical RAM or swap space
#   The process is running with CompressedOops enabled, and the Java Heap may be blocking the growth of the native heap
# Possible solutions:
#   Reduce memory load on the system
#   Increase physical memory or swap space
#   Check if swap backing store is full
#   Decrease Java heap size (-Xmx/-Xms)
#   Decrease number of Java threads
#   Decrease Java thread stack sizes (-Xss)
#   Set larger code cache with -XX:ReservedCodeCacheSize=
#   JVM is running with Unscaled Compressed Oops mode in which the Java heap is
#     placed in the first 4GB address space. The Java Heap base address is the
#     maximum limit for the native heap growth. Please use -XX:HeapBaseMinAddress
#     to set the Java Heap base and to place the Java Heap above 4GB virtual address.
# This output file may be truncated or incomplete.
#
#  Out of Memory Error (os_linux.cpp:2647), pid=2970, tid=2976
#
# JRE version: OpenJDK Runtime Environment (9.0.1+1) (build 9.0.7.1+1)
# Java VM: OpenJDK 64-Bit Server VM (9.0.7.1+1, mixed mode, tiered, compressed oops, parallel gc, linux-amd64)
# Core dump will be written. Default location: Core dumps may be processed with "/usr/share/apport/apport %p %s %c %d %P" (or dumping to /home/allison/server/core.2970)
#

---------------  S U M M A R Y ------------

Command Line: -XX:+HeapDumpOnOutOfMemoryError -XX:HeapDumpPath=/home/allison/.cache/bazel/_bazel_allison/4efee9c8eeaf8b48423064077c2c72c0 -XX:+UseParallelOldGC --add-opens=java.base/java.nio=ALL-UNNAMED -Xverify:none -Djava.util.logging.config.file=/home/allison/.cache/bazel/_bazel_allison/4efee9c8eeaf8b48423064077c2c72c0/javalog.properties -Djava.library.path=/home/allison/.cache/bazel/_bazel_allison/install/792a28b07894763eaa2bd870f8776b23/_embedded_binaries/embedded_tools/jdk/lib/jli:/home/allison/.cache/bazel/_bazel_allison/install/792a28b07894763eaa2bd870f8776b23/_embedded_binaries/embedded_tools/jdk/lib:/home/allison/.cache/bazel/_bazel_allison/install/792a28b07894763eaa2bd870f8776b23/_embedded_binaries/embedded_tools/jdk/lib/server:/home/allison/.cache/bazel/_bazel_allison/install/792a28b07894763eaa2bd870f8776b23/_embedded_binaries/ -Dfile.encoding=ISO-8859-1 /home/allison/.cache/bazel/_bazel_allison/install/792a28b07894763eaa2bd870f8776b23/_embedded_binaries/A-server.jar --max_idle_secs=10800 --connect_timeout_secs=30 --output_user_root=/home/allison/.cache/bazel/_bazel_allison --install_base=/home/allison/.cache/bazel/_bazel_allison/install/792a28b07894763eaa2bd870f8776b23 --install_md5=792a28b07894763eaa2bd870f8776b23 --output_base=/home/allison/.cache/bazel/_bazel_allison/4efee9c8eeaf8b48423064077c2c72c0 --workspace_directory=/home/allison/server --default_system_javabase=/usr/lib/jvm/java-8-oracle --deep_execroot --expand_configs_in_place --idle_server_tasks --noexperimental_oom_more_eagerly --experimental_oom_more_eagerly_threshold=100 --write_command_log --nowatchfs --nofatal_event_bus_exceptions --client_debug=false --product_name=Bazel --option_sources=

Host: Intel(R) Core(TM) i5-3427U CPU @ 1.80GHz, 4 cores, 3G, Ubuntu 18.04.1 LTS
Time: Thu Dec 13 18:10:07 2018 MST elapsed time: 6034 seconds (0d 1h 40m 34s)

---------------  T H R E A D  ---------------

Current thread (0x00007fb27c14e800):  VMThread "VM Thread" [stack: 0x00007fb2646ef000,0x00007fb2647ef000] [id=2976]

Stack: [0x00007fb2646ef000,0x00007fb2647ef000],  sp=0x00007fb2647ece50,  free space=1015k
Native frames: (J=compiled Java code, A=aot compiled Java code, j=interpreted, Vv=VM code, C=native code)
V  [libjvm.so+0xc7ae63]  VMError::report_and_die(int, char const*, char const*, __va_list_tag*, Thread*, unsigned char*, void*, void*, char const*, int, unsigned long)+0x163
V  [libjvm.so+0xc7b9b5]  VMError::report_and_die(Thread*, char const*, int, unsigned long, VMErrorType, char const*, __va_list_tag*)+0x45
V  [libjvm.so+0x612d7a]  report_vm_out_of_memory(char const*, int, unsigned long, VMErrorType, char const*, ...)+0xea
V  [libjvm.so+0xab9645]  os::Linux::commit_memory_impl(char*, unsigned long, bool)+0xf5
V  [libjvm.so+0xab9ab9]  os::pd_commit_memory(char*, unsigned long, unsigned long, bool)+0x29
V  [libjvm.so+0xab0f0a]  os::commit_memory(char*, unsigned long, unsigned long, bool)+0x2a
V  [libjvm.so+0xb37a8b]  PSVirtualSpace::expand_by(unsigned long)+0x6b
V  [libjvm.so+0xb39738]  PSYoungGen::resize_generation(unsigned long, unsigned long)+0xe8
V  [libjvm.so+0xb390fa]  PSYoungGen::resize(unsigned long, unsigned long)+0x2a
V  [libjvm.so+0xb348cf]  PSScavenge::invoke_no_policy()+0x16ef
V  [libjvm.so+0xb35577]  PSScavenge::invoke()+0x47
V  [libjvm.so+0xae02cd]  ParallelScavengeHeap::failed_mem_allocate(unsigned long)+0x6d
V  [libjvm.so+0xc7d355]  VM_ParallelGCFailedAllocation::doit()+0x95
V  [libjvm.so+0xc8b815]  VM_Operation::evaluate()+0x65
V  [libjvm.so+0xc89707]  VMThread::evaluate_operation(VM_Operation*)+0xb7
V  [libjvm.so+0xc89eb3]  VMThread::loop()+0x1c3
V  [libjvm.so+0xc8a2f2]  VMThread::run()+0x72
V  [libjvm.so+0xabae42]  thread_native_entry(Thread*)+0x112

VM_Operation (0x00007fb1d2e4c610): ParallelGCFailedAllocation, mode: safepoint, requested by thread 0x00007fb1f4001800


---------------  P R O C E S S  ---------------

Java Threads: ( => current thread )
  0x00007fb23c024000 JavaThread "Command-Accumulator-Thread-51" daemon [_thread_in_native, id=21080, stack(0x00007fb1d7688000,0x00007fb1d7789000)]
  0x00007fb23c032800 JavaThread "Command-Accumulator-Thread-50" daemon [_thread_in_native, id=21079, stack(0x00007fb1ed8e8000,0x00007fb1ed9e9000)]
  0x00007fb23c01d800 JavaThread "process reaper" daemon [_thread_in_native, id=21077, stack(0x00007fb2547e0000,0x00007fb254802000)]
  0x00007fb24c01a800 JavaThread "Command-Accumulator-Thread-49" daemon [_thread_in_native, id=21056, stack(0x00007fb1d294a000,0x00007fb1d2a4b000)]
  0x00007fb24c002000 JavaThread "Command-Accumulator-Thread-48" daemon [_thread_in_native, id=21054, stack(0x00007fb1d6e80000,0x00007fb1d6f81000)]
  0x00007fb24c00b800 JavaThread "process reaper" daemon [_thread_in_native, id=21053, stack(0x00007fb254802000,0x00007fb254824000)]
  0x00007fb23c01d000 JavaThread "Command-Accumulator-Thread-47" daemon [_thread_in_native, id=21049, stack(0x00007fb1d6577000,0x00007fb1d6678000)]
  0x00007fb23c012000 JavaThread "Command-Accumulator-Thread-46" daemon [_thread_in_native, id=21048, stack(0x00007fb1dd8e8000,0x00007fb1dd9e9000)]
  0x00007fb23c02c000 JavaThread "process reaper" daemon [_thread_in_native, id=21046, stack(0x00007fb254824000,0x00007fb254846000)]
  0x00007fb24800b000 JavaThread "Command-Accumulator-Thread-45" daemon [_thread_in_native, id=21045, stack(0x00007fb1d7183000,0x00007fb1d7284000)]
  0x00007fb248006000 JavaThread "Command-Accumulator-Thread-44" daemon [_thread_in_native, id=21043, stack(0x00007fb1dbabd000,0x00007fb1dbbbe000)]
  0x00007fb248008000 JavaThread "process reaper" daemon [_thread_in_native, id=21041, stack(0x00007fb280007000,0x00007fb280029000)]
  0x00007fb1f4016800 JavaThread "skyframe-evaluator 3" [_thread_blocked, id=21039, stack(0x00007fb1d6f81000,0x00007fb1d7082000)]
  0x00007fb23c00f000 JavaThread "skyframe-evaluator 2" [_thread_blocked, id=21038, stack(0x00007fb1d6072000,0x00007fb1d6173000)]
  0x00007fb1f4006000 JavaThread "skyframe-evaluator 1" [_thread_blocked, id=21037, stack(0x00007fb1d7f91000,0x00007fb1d8092000)]
  0x00007fb1f401f800 JavaThread "skyframe-evaluator 0" [_thread_blocked, id=21036, stack(0x00007fb1dc0c3000,0x00007fb1dc1c4000)]
  0x00007fb1f4008800 JavaThread "action-execution-watchdog" daemon [_thread_blocked, id=21033, stack(0x00007fb1d7587000,0x00007fb1d7688000)]
  0x00007fb1f4001800 JavaThread "Thread-54" daemon [_thread_blocked, id=20808, stack(0x00007fb1d2d4e000,0x00007fb1d2e4f000)]
  0x00007fb2041b4800 JavaThread "grpc-command-19" daemon [_thread_blocked, id=20603, stack(0x00007fb1d7d8f000,0x00007fb1d7e90000)]
  0x00007fb20436d800 JavaThread "grpc-stream-19" daemon [_thread_blocked, id=20602, stack(0x00007fb1ddfef000,0x00007fb1de0f0000)]
  0x00007fb258006000 JavaThread "process reaper" daemon [_thread_in_native, id=8834, stack(0x00007fb254020000,0x00007fb254042000)]
  0x00007fb21401a000 JavaThread "grpc-default-worker-ELG-3-8" daemon [_thread_blocked, id=8245, stack(0x00007fb1efbfc000,0x00007fb1efcfd000)]
  0x00007fb214017800 JavaThread "grpc-default-worker-ELG-3-7" daemon [_thread_blocked, id=7769, stack(0x00007fb1edcec000,0x00007fb1edded000)]
  0x00007fb21401c000 JavaThread "grpc-default-worker-ELG-3-6" daemon [_thread_blocked, id=7058, stack(0x00007fb1ececf000,0x00007fb1ecfd0000)]
  0x00007fb214011000 JavaThread "grpc-default-worker-ELG-3-5" daemon [_thread_blocked, id=6390, stack(0x00007fb1df9fa000,0x00007fb1dfafb000)]
  0x00007fb214013000 JavaThread "grpc-default-worker-ELG-3-4" daemon [_thread_blocked, id=4707, stack(0x00007fb1ecfd0000,0x00007fb1ed0d1000)]
  0x00007fb21400f000 JavaThread "grpc-default-worker-ELG-3-3" daemon [_thread_blocked, id=4275, stack(0x00007fb1daeb1000,0x00007fb1dafb2000)]
  0x00007fb214007000 JavaThread "grpc-default-worker-ELG-3-2" daemon [_thread_in_native, id=4019, stack(0x00007fb212cfc000,0x00007fb212dfd000)]
  0x00007fb22405c800 JavaThread "process reaper" daemon [_thread_in_native, id=3858, stack(0x00007fb284d6b000,0x00007fb284d8d000)]
  0x00007fb20415d800 JavaThread "process reaper" daemon [_thread_in_native, id=3738, stack(0x00007fb284d8d000,0x00007fb284daf000)]
  0x00007fb20c05a000 JavaThread "threadDeathWatcher-4-1" daemon [_thread_blocked, id=2993, stack(0x00007fb213eff000,0x00007fb214000000)]
  0x00007fb214004800 JavaThread "grpc-default-worker-ELG-3-1" daemon [_thread_blocked, id=2992, stack(0x00007fb254242000,0x00007fb254343000)]
  0x00007fb27c996800 JavaThread "grpc-timeout" daemon [_thread_blocked, id=2990, stack(0x00007fb254343000,0x00007fb254444000)]
  0x00007fb27c995000 JavaThread "grpc-default-boss-ELG-1-1" daemon [_thread_blocked, id=2989, stack(0x00007fb254444000,0x00007fb254545000)]
  0x00007fb27c279000 JavaThread "pid-file-watcher" daemon [_thread_blocked, id=2987, stack(0x00007fb254846000,0x00007fb254947000)]
  0x00007fb27c257000 JavaThread "Service Thread" daemon [_thread_blocked, id=2985, stack(0x00007fb255a53000,0x00007fb255b54000)]
  0x00007fb27c1b3000 JavaThread "Common-Cleaner" daemon [_thread_blocked, id=2984, stack(0x00007fb255b54000,0x00007fb255c55000)]
  0x00007fb27c17d800 JavaThread "Sweeper thread" daemon [_thread_blocked, id=2983, stack(0x00007fb25607d000,0x00007fb25617e000)]
  0x00007fb27c17b800 JavaThread "C1 CompilerThread2" daemon [_thread_blocked, id=2982, stack(0x00007fb25617e000,0x00007fb25627f000)]
  0x00007fb27c179800 JavaThread "C2 CompilerThread1" daemon [_thread_blocked, id=2981, stack(0x00007fb25627f000,0x00007fb256380000)]
  0x00007fb27c175800 JavaThread "C2 CompilerThread0" daemon [_thread_blocked, id=2980, stack(0x00007fb26400b000,0x00007fb26410c000)]
  0x00007fb27c177800 JavaThread "Signal Dispatcher" daemon [_thread_blocked, id=2979, stack(0x00007fb26410c000,0x00007fb26420d000)]
  0x00007fb27c15c800 JavaThread "Finalizer" daemon [_thread_blocked, id=2978, stack(0x00007fb2644eb000,0x00007fb2645ec000)]
  0x00007fb27c158000 JavaThread "Reference Handler" daemon [_thread_blocked, id=2977, stack(0x00007fb2645ec000,0x00007fb2646ed000)]
  0x00007fb27c012800 JavaThread "main" [_thread_blocked, id=2971, stack(0x00007fb284e35000,0x00007fb284f34000)]

Other Threads:
=>0x00007fb27c14e800 VMThread "VM Thread" [stack: 0x00007fb2646ef000,0x00007fb2647ef000] [id=2976]
  0x00007fb27c259800 WatcherThread [stack: 0x00007fb255953000,0x00007fb255a53000] [id=2986]
  0x00007fb27c029000 GCTaskThread "ParGC Thread#0" [stack: 0x00007fb280cf9000,0x00007fb280df9000] [id=2972]
  0x00007fb27c02a800 GCTaskThread "ParGC Thread#1" [stack: 0x00007fb280bf7000,0x00007fb280cf7000] [id=2973]
  0x00007fb27c02c800 GCTaskThread "ParGC Thread#2" [stack: 0x00007fb280af5000,0x00007fb280bf5000] [id=2974]
  0x00007fb27c02e000 GCTaskThread "ParGC Thread#3" [stack: 0x00007fb2809f3000,0x00007fb280af3000] [id=2975]

Threads with active compile tasks:

VM state:at safepoint (normal execution)

VM Mutex/Monitor currently owned by a thread:  ([mutex/lock_event])
[0x00007fb27c00efa0] Threads_lock - owner thread: 0x00007fb27c14e800
[0x00007fb27c00f540] Heap_lock - owner thread: 0x00007fb1f4001800

Heap address: 0x00000000c7000000, size: 912 MB, Compressed Oops mode: 32-bit
Narrow klass base: 0x0000000000000000, Narrow klass shift: 3
Compressed class space size: 1073741824 Address: 0x0000000100000000

Heap:
 PSYoungGen      total 240128K, used 2448K [0x00000000ed000000, 0x00000000fbf00000, 0x0000000100000000)
  eden space 235520K, 0% used [0x00000000ed000000,0x00000000ed000000,0x00000000fb600000)
  from space 4608K, 53% used [0x00000000fba80000,0x00000000fbce4010,0x00000000fbf00000)
  to   space 4608K, 0% used [0x00000000fb600000,0x00000000fb600000,0x00000000fba80000)
 ParOldGen       total 39936K, used 27523K [0x00000000c7000000, 0x00000000c9700000, 0x00000000ed000000)
  object space 39936K, 68% used [0x00000000c7000000,0x00000000c8ae0ec0,0x00000000c9700000)
 Metaspace       used 45929K, capacity 47974K, committed 48256K, reserved 1091584K
  class space    used 4843K, capacity 5178K, committed 5248K, reserved 1048576K

Card table byte_map: [0x00007fb280f29000,0x00007fb2810f2000] byte_map_base: 0x00007fb2808f1000

Marking Bits: (ParMarkBitMap*) 0x00007fb2840cc4a0
 Begin Bits: [0x00007fb256380000, 0x00007fb2571c0000)
 End Bits:   [0x00007fb2571c0000, 0x00007fb258000000)

Polling page: 0x00007fb284f52000

CodeHeap 'non-profiled nmethods': size=120032Kb used=4935Kb max_used=5322Kb free=115096Kb
 bounds [0x00007fb26d23c000, 0x00007fb26d77c000, 0x00007fb274774000]
CodeHeap 'profiled nmethods': size=120032Kb used=16578Kb max_used=21159Kb free=103453Kb
 bounds [0x00007fb265d04000, 0x00007fb2671b4000, 0x00007fb26d23c000]
CodeHeap 'non-nmethods': size=5696Kb used=1379Kb max_used=1428Kb free=4316Kb
 bounds [0x00007fb265774000, 0x00007fb2659e4000, 0x00007fb265d04000]
 total_blobs=13462 nmethods=8291 adapters=532
 compilation: enabled

Compilation events (10 events):
Event: 6014.226 Thread 0x00007fb27c179800 10289       4       java.util.TimSort::sort (229 bytes)
Event: 6014.815 Thread 0x00007fb27c179800 nmethod 10289 0x00007fb26d47c710 code [0x00007fb26d47ca20, 0x00007fb26d47ec60]
Event: 6023.064 Thread 0x00007fb27c175800 10290       4       java.util.HashMap::<init> (17 bytes)
Event: 6023.084 Thread 0x00007fb27c17b800 10291       3       com.google.devtools.build.lib.actions.ActionExecutionStatusReporter$$Lambda$499/1474248310::apply (8 bytes)
Event: 6023.129 Thread 0x00007fb27c17b800 nmethod 10291 0x00007fb266007010 code [0x00007fb2660071e0, 0x00007fb266007570]
Event: 6023.180 Thread 0x00007fb27c17b800 10292       3       com.google.devtools.build.lib.actions.ActionExecutionStatusReporter::lambda$appendGroupStatus$0 (8 bytes)
Event: 6023.462 Thread 0x00007fb27c17b800 nmethod 10292 0x00007fb266002a10 code [0x00007fb266002bc0, 0x00007fb266002df0]
Event: 6023.466 Thread 0x00007fb27c175800 nmethod 10290 0x00007fb26d461810 code [0x00007fb26d4619a0, 0x00007fb26d461a28]
Event: 6025.220 Thread 0x00007fb27c179800 10293       4       io.netty.buffer.AbstractDerivedByteBuf::refCnt (5 bytes)
Event: 6025.710 Thread 0x00007fb27c179800 nmethod 10293 0x00007fb26d461310 code [0x00007fb26d4614c0, 0x00007fb26d4615d8]

GC Heap History (10 events):
Event: 4771.132 GC heap after
{Heap after GC invocations=58 (full 23):
 PSYoungGen      total 236544K, used 0K [0x00000000ed000000, 0x00000000fc000000, 0x0000000100000000)
  eden space 235520K, 0% used [0x00000000ed000000,0x00000000ed000000,0x00000000fb600000)
  from space 1024K, 0% used [0x00000000fb600000,0x00000000fb600000,0x00000000fb700000)
  to   space 5120K, 0% used [0x00000000fbb00000,0x00000000fbb00000,0x00000000fc000000)
 ParOldGen       total 39936K, used 27518K [0x00000000c7000000, 0x00000000c9700000, 0x00000000ed000000)
  object space 39936K, 68% used [0x00000000c7000000,0x00000000c8adfa58,0x00000000c9700000)
 Metaspace       used 45778K, capacity 47824K, committed 48000K, reserved 1091584K
  class space    used 4836K, capacity 5175K, committed 5248K, reserved 1048576K
}
Event: 5251.692 GC heap before
{Heap before GC invocations=59 (full 23):
 PSYoungGen      total 236544K, used 112676K [0x00000000ed000000, 0x00000000fc000000, 0x0000000100000000)
  eden space 235520K, 47% used [0x00000000ed000000,0x00000000f3e09158,0x00000000fb600000)
  from space 1024K, 0% used [0x00000000fb600000,0x00000000fb600000,0x00000000fb700000)
  to   space 5120K, 0% used [0x00000000fbb00000,0x00000000fbb00000,0x00000000fc000000)
 ParOldGen       total 39936K, used 27518K [0x00000000c7000000, 0x00000000c9700000, 0x00000000ed000000)
  object space 39936K, 68% used [0x00000000c7000000,0x00000000c8adfa58,0x00000000c9700000)
 Metaspace       used 45801K, capacity 47824K, committed 48000K, reserved 1091584K
  class space    used 4836K, capacity 5175K, committed 5248K, reserved 1048576K
}
Event: 5251.698 GC heap after
{Heap after GC invocations=59 (full 23):
 PSYoungGen      total 239616K, used 736K [0x00000000ed000000, 0x00000000fbf00000, 0x0000000100000000)
  eden space 235520K, 0% used [0x00000000ed000000,0x00000000ed000000,0x00000000fb600000)
  from space 4096K, 17% used [0x00000000fbb00000,0x00000000fbbb8000,0x00000000fbf00000)
  to   space 4608K, 0% used [0x00000000fb600000,0x00000000fb600000,0x00000000fba80000)
 ParOldGen       total 39936K, used 27526K [0x00000000c7000000, 0x00000000c9700000, 0x00000000ed000000)
  object space 39936K, 68% used [0x00000000c7000000,0x00000000c8ae1a58,0x00000000c9700000)
 Metaspace       used 45801K, capacity 47824K, committed 48000K, reserved 1091584K
  class space    used 4836K, capacity 5175K, committed 5248K, reserved 1048576K
}
Event: 5251.698 GC heap before
{Heap before GC invocations=60 (full 24):
 PSYoungGen      total 239616K, used 736K [0x00000000ed000000, 0x00000000fbf00000, 0x0000000100000000)
  eden space 235520K, 0% used [0x00000000ed000000,0x00000000ed000000,0x00000000fb600000)
  from space 4096K, 17% used [0x00000000fbb00000,0x00000000fbbb8000,0x00000000fbf00000)
  to   space 4608K, 0% used [0x00000000fb600000,0x00000000fb600000,0x00000000fba80000)
 ParOldGen       total 39936K, used 27526K [0x00000000c7000000, 0x00000000c9700000, 0x00000000ed000000)
  object space 39936K, 68% used [0x00000000c7000000,0x00000000c8ae1a58,0x00000000c9700000)
 Metaspace       used 45801K, capacity 47824K, committed 48000K, reserved 1091584K
  class space    used 4836K, capacity 5175K, committed 5248K, reserved 1048576K
}
Event: 5251.767 GC heap after
{Heap after GC invocations=60 (full 24):
 PSYoungGen      total 239616K, used 0K [0x00000000ed000000, 0x00000000fbf00000, 0x0000000100000000)
  eden space 235520K, 0% used [0x00000000ed000000,0x00000000ed000000,0x00000000fb600000)
  from space 4096K, 0% used [0x00000000fbb00000,0x00000000fbb00000,0x00000000fbf00000)
  to   space 4608K, 0% used [0x00000000fb600000,0x00000000fb600000,0x00000000fba80000)
 ParOldGen       total 39936K, used 27525K [0x00000000c7000000, 0x00000000c9700000, 0x00000000ed000000)
  object space 39936K, 68% used [0x00000000c7000000,0x00000000c8ae14f8,0x00000000c9700000)
 Metaspace       used 45801K, capacity 47824K, committed 48000K, reserved 1091584K
  class space    used 4836K, capacity 5175K, committed 5248K, reserved 1048576K
}
Event: 5338.827 GC heap before
{Heap before GC invocations=61 (full 24):
 PSYoungGen      total 239616K, used 112006K [0x00000000ed000000, 0x00000000fbf00000, 0x0000000100000000)
  eden space 235520K, 47% used [0x00000000ed000000,0x00000000f3d61a70,0x00000000fb600000)
  from space 4096K, 0% used [0x00000000fbb00000,0x00000000fbb00000,0x00000000fbf00000)
  to   space 4608K, 0% used [0x00000000fb600000,0x00000000fb600000,0x00000000fba80000)
 ParOldGen       total 39936K, used 27525K [0x00000000c7000000, 0x00000000c9700000, 0x00000000ed000000)
  object space 39936K, 68% used [0x00000000c7000000,0x00000000c8ae14f8,0x00000000c9700000)
 Metaspace       used 45811K, capacity 47824K, committed 48000K, reserved 1091584K
  class space    used 4836K, capacity 5175K, committed 5248K, reserved 1048576K
}
Event: 5338.833 GC heap after
{Heap after GC invocations=61 (full 24):
 PSYoungGen      total 240128K, used 736K [0x00000000ed000000, 0x00000000fbf00000, 0x0000000100000000)
  eden space 235520K, 0% used [0x00000000ed000000,0x00000000ed000000,0x00000000fb600000)
  from space 4608K, 15% used [0x00000000fb600000,0x00000000fb6b8000,0x00000000fba80000)
  to   space 4608K, 0% used [0x00000000fba80000,0x00000000fba80000,0x00000000fbf00000)
 ParOldGen       total 39936K, used 27525K [0x00000000c7000000, 0x00000000c9700000, 0x00000000ed000000)
  object space 39936K, 68% used [0x00000000c7000000,0x00000000c8ae14f8,0x00000000c9700000)
 Metaspace       used 45811K, capacity 47824K, committed 48000K, reserved 1091584K
  class space    used 4836K, capacity 5175K, committed 5248K, reserved 1048576K
}
Event: 5338.833 GC heap before
{Heap before GC invocations=62 (full 25):
 PSYoungGen      total 240128K, used 736K [0x00000000ed000000, 0x00000000fbf00000, 0x0000000100000000)
  eden space 235520K, 0% used [0x00000000ed000000,0x00000000ed000000,0x00000000fb600000)
  from space 4608K, 15% used [0x00000000fb600000,0x00000000fb6b8000,0x00000000fba80000)
  to   space 4608K, 0% used [0x00000000fba80000,0x00000000fba80000,0x00000000fbf00000)
 ParOldGen       total 39936K, used 27525K [0x00000000c7000000, 0x00000000c9700000, 0x00000000ed000000)
  object space 39936K, 68% used [0x00000000c7000000,0x00000000c8ae14f8,0x00000000c9700000)
 Metaspace       used 45811K, capacity 47824K, committed 48000K, reserved 1091584K
  class space    used 4836K, capacity 5175K, committed 5248K, reserved 1048576K
}
Event: 5338.904 GC heap after
{Heap after GC invocations=62 (full 25):
 PSYoungGen      total 240128K, used 0K [0x00000000ed000000, 0x00000000fbf00000, 0x0000000100000000)
  eden space 235520K, 0% used [0x00000000ed000000,0x00000000ed000000,0x00000000fb600000)
  from space 4608K, 0% used [0x00000000fb600000,0x00000000fb600000,0x00000000fba80000)
  to   space 4608K, 0% used [0x00000000fba80000,0x00000000fba80000,0x00000000fbf00000)
 ParOldGen       total 39936K, used 27515K [0x00000000c7000000, 0x00000000c9700000, 0x00000000ed000000)
  object space 39936K, 68% used [0x00000000c7000000,0x00000000c8adeec0,0x00000000c9700000)
 Metaspace       used 45811K, capacity 47824K, committed 48000K, reserved 1091584K
  class space    used 4836K, capacity 5175K, committed 5248K, reserved 1048576K
}
Event: 6033.104 GC heap before
{Heap before GC invocations=63 (full 25):
 PSYoungGen      total 240128K, used 235520K [0x00000000ed000000, 0x00000000fbf00000, 0x0000000100000000)
  eden space 235520K, 100% used [0x00000000ed000000,0x00000000fb600000,0x00000000fb600000)
  from space 4608K, 0% used [0x00000000fb600000,0x00000000fb600000,0x00000000fba80000)
  to   space 4608K, 0% used [0x00000000fba80000,0x00000000fba80000,0x00000000fbf00000)
 ParOldGen       total 39936K, used 27515K [0x00000000c7000000, 0x00000000c9700000, 0x00000000ed000000)
  object space 39936K, 68% used [0x00000000c7000000,0x00000000c8adeec0,0x00000000c9700000)
 Metaspace       used 45929K, capacity 47974K, committed 48256K, reserved 1091584K
  class space    used 4843K, capacity 5178K, committed 5248K, reserved 1048576K
}

Deoptimization events (10 events):
Event: 6006.286 Thread 0x00007fb23c00f000 Uncommon trap: reason=bimorphic_or_optimized_type_check action=maybe_recompile pc=0x00007fb26d3a3328 method=com.google.common.collect.ImmutableList.iterator()Ljava/util/Iterator; @ 1 c2
Event: 6006.287 Thread 0x00007fb1f401f800 Uncommon trap: reason=bimorphic_or_optimized_type_check action=maybe_recompile pc=0x00007fb26d3a3328 method=com.google.common.collect.ImmutableList.iterator()Ljava/util/Iterator; @ 1 c2
Event: 6011.464 Thread 0x00007fb1f4016800 Uncommon trap: reason=unstable_if action=reinterpret pc=0x00007fb26d5a6504 method=com.google.devtools.build.lib.vfs.PathFragment.subFragmentImpl(II)Lcom/google/devtools/build/lib/vfs/PathFragment; @ 26 c2
Event: 6011.464 Thread 0x00007fb1f4016800 Uncommon trap: reason=unstable_if action=reinterpret pc=0x00007fb26d40dd84 method=com.google.devtools.build.lib.vfs.PathFragment.equals(Ljava/lang/Object;)Z @ 8 c2
Event: 6011.465 Thread 0x00007fb1f4016800 Uncommon trap: reason=unstable_if action=reinterpret pc=0x00007fb26d54188c method=com.google.devtools.build.lib.vfs.Path.startsWith(Ljava/lang/String;I)Z @ 88 c2
Event: 6011.480 Thread 0x00007fb1f4016800 Uncommon trap: reason=class_check action=maybe_recompile pc=0x00007fb26d42d5e8 method=com.google.devtools.build.lib.skyframe.ActionExecutionFunction$$Lambda$501/484153774.apply(Ljava/lang/Object;)Z @ 5 c2
Event: 6011.480 Thread 0x00007fb1f4016800 Uncommon trap: reason=class_check action=maybe_recompile pc=0x00007fb26d42d5e8 method=com.google.devtools.build.lib.skyframe.ActionExecutionFunction$$Lambda$501/484153774.apply(Ljava/lang/Object;)Z @ 5 c2
Event: 6011.492 Thread 0x00007fb1f4016800 Uncommon trap: reason=bimorphic_or_optimized_type_check action=maybe_recompile pc=0x00007fb26d3a3328 method=com.google.common.collect.ImmutableList.iterator()Ljava/util/Iterator; @ 1 c2
Event: 6011.682 Thread 0x00007fb1f401f800 Uncommon trap: reason=class_check action=maybe_recompile pc=0x00007fb26d42d5e8 method=com.google.devtools.build.lib.skyframe.ActionExecutionFunction$$Lambda$501/484153774.apply(Ljava/lang/Object;)Z @ 5 c2
Event: 6011.682 Thread 0x00007fb1f401f800 Uncommon trap: reason=class_check action=maybe_recompile pc=0x00007fb26d42d5e8 method=com.google.devtools.build.lib.skyframe.ActionExecutionFunction$$Lambda$501/484153774.apply(Ljava/lang/Object;)Z @ 5 c2

Classes redefined (0 events):
No events

Internal exceptions (10 events):
Event: 4761.043 Thread 0x00007fb1f8144000 Exception <a 'java/lang/InterruptedException'{0x00000000f3022338}: sleep interrupted> (0x00000000f3022338) thrown at [/export/home/tester/jenkins/workspace/zulu9-silver-build-linux64/zulu-src/hotspot/src/share/vm/prims/jvm.cpp, line 3066]
Event: 5241.574 Thread 0x00007fb200092800 Exception <a 'java/lang/InterruptedException'{0x00000000f3754d48}> (0x00000000f3754d48) thrown at [/export/home/tester/jenkins/workspace/zulu9-silver-build-linux64/zulu-src/hotspot/src/share/vm/runtime/objectMonitor.cpp, line 1616]
Event: 5241.648 Thread 0x00007fb20008e000 Exception <a 'java/lang/InterruptedException'{0x00000000f3b84c40}: sleep interrupted> (0x00000000f3b84c40) thrown at [/export/home/tester/jenkins/workspace/zulu9-silver-build-linux64/zulu-src/hotspot/src/share/vm/prims/jvm.cpp, line 3066]
Event: 5241.687 Thread 0x00007fb20013a000 Exception <a 'java/lang/InterruptedException'{0x00000000f39e6f30}: sleep interrupted> (0x00000000f39e6f30) thrown at [/export/home/tester/jenkins/workspace/zulu9-silver-build-linux64/zulu-src/hotspot/src/share/vm/prims/jvm.cpp, line 3066]
Event: 5328.735 Thread 0x00007fb260099800 Exception <a 'java/lang/InterruptedException'{0x00000000f37e6d98}> (0x00000000f37e6d98) thrown at [/export/home/tester/jenkins/workspace/zulu9-silver-build-linux64/zulu-src/hotspot/src/share/vm/runtime/objectMonitor.cpp, line 1616]
Event: 5328.773 Thread 0x00007fb1f80c4800 Exception <a 'java/lang/InterruptedException'{0x00000000f3adb548}: sleep interrupted> (0x00000000f3adb548) thrown at [/export/home/tester/jenkins/workspace/zulu9-silver-build-linux64/zulu-src/hotspot/src/share/vm/prims/jvm.cpp, line 3066]
Event: 5328.811 Thread 0x00007fb1f8121800 Exception <a 'java/lang/InterruptedException'{0x00000000f393b7d8}: sleep interrupted> (0x00000000f393b7d8) thrown at [/export/home/tester/jenkins/workspace/zulu9-silver-build-linux64/zulu-src/hotspot/src/share/vm/prims/jvm.cpp, line 3066]
Event: 6005.966 Thread 0x00007fb23c00f000 Implicit null exception at 0x00007fb26d4fbf66 to 0x00007fb26d4fc535
Event: 6005.966 Thread 0x00007fb1f4016800 Implicit null exception at 0x00007fb26d4fbf66 to 0x00007fb26d4fc535
Event: 6011.464 Thread 0x00007fb1f4016800 Implicit null exception at 0x00007fb26d40dbda to 0x00007fb26d40dd71

Events (10 events):
Event: 6011.682 Thread 0x00007fb1f401f800 Uncommon trap: trap_request=0xffffffde fr.pc=0x00007fb26d42d5e8 relative=0x0000000000000748
Event: 6011.682 Thread 0x00007fb1f401f800 DEOPT PACKING pc=0x00007fb26d42d5e8 sp=0x00007fb1dc1c2100
Event: 6011.682 Thread 0x00007fb1f401f800 DEOPT UNPACKING pc=0x00007fb2657c199f sp=0x00007fb1dc1c20c8 mode 2
Event: 6011.717 Executing VM operation: RevokeBias
Event: 6011.718 Executing VM operation: RevokeBias done
Event: 6011.718 Executing VM operation: RevokeBias
Event: 6011.718 Executing VM operation: RevokeBias done
Event: 6011.718 Executing VM operation: RevokeBias
Event: 6011.718 Executing VM operation: RevokeBias done
Event: 6032.990 Executing VM operation: ParallelGCFailedAllocation


Dynamic libraries:
00400000-00401000 r-xp 00000000 08:05 559036                             /home/allison/.cache/bazel/_bazel_allison/install/792a28b07894763eaa2bd870f8776b23/_embedded_binaries/embedded_tools/jdk/bin/java
00601000-00602000 rw-p 00001000 08:05 559036                             /home/allison/.cache/bazel/_bazel_allison/install/792a28b07894763eaa2bd870f8776b23/_embedded_binaries/embedded_tools/jdk/bin/java
019d8000-01a42000 rw-p 00000000 00:00 0                                  [heap]
c7000000-c9700000 rw-p 00000000 00:00 0 
c9700000-ed000000 ---p 00000000 00:00 0 
ed000000-fbf00000 rw-p 00000000 00:00 0 
100000000-100520000 rw-p 00000000 00:00 0 
100520000-140000000 ---p 00000000 00:00 0 
7fb1d101b000-7fb1d121b000 rw-p 00000000 00:00 0 
7fb1d121b000-7fb1d141b000 rw-p 00000000 00:00 0 
7fb1d141b000-7fb1d161b000 rw-p 00000000 00:00 0 
7fb1d161b000-7fb1d181b000 rw-p 00000000 00:00 0 
7fb1d294a000-7fb1d294e000 ---p 00000000 00:00 0 
7fb1d294e000-7fb1d2a4b000 rw-p 00000000 00:00 0 
7fb1d2d4e000-7fb1d2d52000 ---p 00000000 00:00 0 
7fb1d2d52000-7fb1d2e4f000 rw-p 00000000 00:00 0 
7fb1d3758000-7fb1d4759000 rw-p 00000000 00:00 0 
7fb1d4d5f000-7fb1d4d63000 ---p 00000000 00:00 0 
7fb1d4d63000-7fb1d4e60000 rw-p 00000000 00:00 0 
7fb1d4f61000-7fb1d4f65000 ---p 00000000 00:00 0 
7fb1d4f65000-7fb1d5062000 rw-p 00000000 00:00 0 
7fb1d5163000-7fb1d5167000 ---p 00000000 00:00 0 
7fb1d5167000-7fb1d5264000 rw-p 00000000 00:00 0 
7fb1d5264000-7fb1d5268000 ---p 00000000 00:00 0 
7fb1d5268000-7fb1d5365000 rw-p 00000000 00:00 0 
7fb1d5567000-7fb1d556b000 ---p 00000000 00:00 0 
7fb1d556b000-7fb1d5668000 rw-p 00000000 00:00 0 
7fb1d5b6d000-7fb1d5b71000 ---p 00000000 00:00 0 
7fb1d5b71000-7fb1d5c6e000 rw-p 00000000 00:00 0 
7fb1d5e70000-7fb1d5e74000 ---p 00000000 00:00 0 
7fb1d5e74000-7fb1d5f71000 rw-p 00000000 00:00 0 
7fb1d6072000-7fb1d6076000 ---p 00000000 00:00 0 
7fb1d6076000-7fb1d6173000 rw-p 00000000 00:00 0 
7fb1d6274000-7fb1d6278000 ---p 00000000 00:00 0 
7fb1d6278000-7fb1d6375000 rw-p 00000000 00:00 0 
7fb1d6577000-7fb1d657b000 ---p 00000000 00:00 0 
7fb1d657b000-7fb1d6678000 rw-p 00000000 00:00 0 
7fb1d687a000-7fb1d687e000 ---p 00000000 00:00 0 
7fb1d687e000-7fb1d697b000 rw-p 00000000 00:00 0 
7fb1d6d7f000-7fb1d6d83000 ---p 00000000 00:00 0 
7fb1d6d83000-7fb1d6e80000 rw-p 00000000 00:00 0 
7fb1d6e80000-7fb1d6e84000 ---p 00000000 00:00 0 
7fb1d6e84000-7fb1d6f81000 rw-p 00000000 00:00 0 
7fb1d6f81000-7fb1d6f85000 ---p 00000000 00:00 0 
7fb1d6f85000-7fb1d7082000 rw-p 00000000 00:00 0 
7fb1d7183000-7fb1d7187000 ---p 00000000 00:00 0 
7fb1d7187000-7fb1d7284000 rw-p 00000000 00:00 0 
7fb1d7385000-7fb1d7389000 ---p 00000000 00:00 0 
7fb1d7389000-7fb1d7486000 rw-p 00000000 00:00 0 
7fb1d7587000-7fb1d758b000 ---p 00000000 00:00 0 
7fb1d758b000-7fb1d7688000 rw-p 00000000 00:00 0 
7fb1d7688000-7fb1d768c000 ---p 00000000 00:00 0 
7fb1d768c000-7fb1d7789000 rw-p 00000000 00:00 0 
7fb1d788a000-7fb1d788e000 ---p 00000000 00:00 0 
7fb1d788e000-7fb1d798b000 rw-p 00000000 00:00 0 
7fb1d7d8f000-7fb1d7d93000 ---p 00000000 00:00 0 
7fb1d7d93000-7fb1d7e90000 rw-p 00000000 00:00 0 
7fb1d7f91000-7fb1d7f95000 ---p 00000000 00:00 0 
7fb1d7f95000-7fb1d8092000 rw-p 00000000 00:00 0 
7fb1d8496000-7fb1d849a000 ---p 00000000 00:00 0 
7fb1d849a000-7fb1d8597000 rw-p 00000000 00:00 0 
7fb1d8799000-7fb1d879d000 ---p 00000000 00:00 0 
7fb1d879d000-7fb1d889a000 rw-p 00000000 00:00 0 
7fb1d889a000-7fb1d889e000 ---p 00000000 00:00 0 
7fb1d889e000-7fb1d899b000 rw-p 00000000 00:00 0 
7fb1d8b9d000-7fb1d9b9e000 rw-p 00000000 00:00 0 
7fb1d9eb0000-7fb1daeb1000 rw-p 00000000 00:00 0 
7fb1daeb1000-7fb1daeb5000 ---p 00000000 00:00 0 
7fb1daeb5000-7fb1dafb2000 rw-p 00000000 00:00 0 
7fb1db3b6000-7fb1db3ba000 ---p 00000000 00:00 0 
7fb1db3ba000-7fb1db4b7000 rw-p 00000000 00:00 0 
7fb1db7ba000-7fb1db7be000 ---p 00000000 00:00 0 
7fb1db7be000-7fb1db8bb000 rw-p 00000000 00:00 0 
7fb1db8bb000-7fb1db8bf000 ---p 00000000 00:00 0 
7fb1db8bf000-7fb1db9bc000 rw-p 00000000 00:00 0 
7fb1dbabd000-7fb1dbac1000 ---p 00000000 00:00 0 
7fb1dbac1000-7fb1dbbbe000 rw-p 00000000 00:00 0 
7fb1dc0c3000-7fb1dc0c7000 ---p 00000000 00:00 0 
7fb1dc0c7000-7fb1dc1c4000 rw-p 00000000 00:00 0 
7fb1dced1000-7fb1dd0d1000 rw-p 00000000 00:00 0 
7fb1dd0e0000-7fb1dd0e4000 ---p 00000000 00:00 0 
7fb1dd0e4000-7fb1dd1e1000 rw-p 00000000 00:00 0 
7fb1dd3e3000-7fb1dd3e7000 ---p 00000000 00:00 0 
7fb1dd3e7000-7fb1dd4e4000 rw-p 00000000 00:00 0 
7fb1dd8e8000-7fb1dd8ec000 ---p 00000000 00:00 0 
7fb1dd8ec000-7fb1dd9e9000 rw-p 00000000 00:00 0 
7fb1ddcec000-7fb1ddcf0000 ---p 00000000 00:00 0 
7fb1ddcf0000-7fb1ddded000 rw-p 00000000 00:00 0 
7fb1ddfef000-7fb1ddff3000 ---p 00000000 00:00 0 
7fb1ddff3000-7fb1de0f0000 rw-p 00000000 00:00 0 
7fb1de6f6000-7fb1df6f7000 rw-p 00000000 00:00 0 
7fb1df6f7000-7fb1df6fb000 ---p 00000000 00:00 0 
7fb1df6fb000-7fb1df7f8000 rw-p 00000000 00:00 0 
7fb1df8f9000-7fb1df8fd000 ---p 00000000 00:00 0 
7fb1df8fd000-7fb1df9fa000 rw-p 00000000 00:00 0 
7fb1df9fa000-7fb1df9fe000 ---p 00000000 00:00 0 
7fb1df9fe000-7fb1dfafb000 rw-p 00000000 00:00 0 
7fb1e0000000-7fb1e014c000 rw-p 00000000 00:00 0 
7fb1e014c000-7fb1e4000000 ---p 00000000 00:00 0 
7fb1e4000000-7fb1e4169000 rw-p 00000000 00:00 0 
7fb1e4169000-7fb1e8000000 ---p 00000000 00:00 0 
7fb1e8000000-7fb1e8045000 rw-p 00000000 00:00 0 
7fb1e8045000-7fb1ec000000 ---p 00000000 00:00 0 
7fb1ec9ca000-7fb1ec9ce000 ---p 00000000 00:00 0 
7fb1ec9ce000-7fb1ecacb000 rw-p 00000000 00:00 0 
7fb1ececf000-7fb1eced3000 ---p 00000000 00:00 0 
7fb1eced3000-7fb1ecfd0000 rw-p 00000000 00:00 0 
7fb1ecfd0000-7fb1ecfd4000 ---p 00000000 00:00 0 
7fb1ecfd4000-7fb1ed0d1000 rw-p 00000000 00:00 0 
7fb1ed8e8000-7fb1ed8ec000 ---p 00000000 00:00 0 
7fb1ed8ec000-7fb1ed9e9000 rw-p 00000000 00:00 0 
7fb1edcec000-7fb1edcf0000 ---p 00000000 00:00 0 
7fb1edcf0000-7fb1edded000 rw-p 00000000 00:00 0 
7fb1ee0f0000-7fb1ef0f1000 rw-p 00000000 00:00 0 
7fb1ef7f8000-7fb1ef7fc000 ---p 00000000 00:00 0 
7fb1ef7fc000-7fb1ef8f9000 rw-p 00000000 00:00 0 
7fb1efbfc000-7fb1efc00000 ---p 00000000 00:00 0 
7fb1efc00000-7fb1efcfd000 rw-p 00000000 00:00 0 
7fb1efeff000-7fb1eff03000 ---p 00000000 00:00 0 
7fb1eff03000-7fb1f0000000 rw-p 00000000 00:00 0 
7fb1f0000000-7fb1f014e000 rw-p 00000000 00:00 0 
7fb1f014e000-7fb1f4000000 ---p 00000000 00:00 0 
7fb1f4000000-7fb1f4145000 rw-p 00000000 00:00 0 
7fb1f4145000-7fb1f8000000 ---p 00000000 00:00 0 
7fb1f8000000-7fb1f84e1000 rw-p 00000000 00:00 0 
7fb1f84e1000-7fb1fc000000 ---p 00000000 00:00 0 
7fb1fc000000-7fb1fc034000 rw-p 00000000 00:00 0 
7fb1fc034000-7fb200000000 ---p 00000000 00:00 0 
7fb200000000-7fb200459000 rw-p 00000000 00:00 0 
7fb200459000-7fb204000000 ---p 00000000 00:00 0 
7fb204000000-7fb2043aa000 rw-p 00000000 00:00 0 
7fb2043aa000-7fb208000000 ---p 00000000 00:00 0 
7fb208000000-7fb2083b2000 rw-p 00000000 00:00 0 
7fb2083b2000-7fb20c000000 ---p 00000000 00:00 0 
7fb20c000000-7fb20c509000 rw-p 00000000 00:00 0 
7fb20c509000-7fb210000000 ---p 00000000 00:00 0 
7fb2103b8000-7fb2113b9000 rw-p 00000000 00:00 0 
7fb2113f8000-7fb2115f8000 rw-p 00000000 00:00 0 
7fb2115f8000-7fb2117f8000 rw-p 00000000 00:00 0 
7fb2118fb000-7fb211afb000 rw-p 00000000 00:00 0 
7fb211afb000-7fb211cfb000 rw-p 00000000 00:00 0 
7fb211cfb000-7fb212cfc000 rw-p 00000000 00:00 0 
7fb212cfc000-7fb212d00000 ---p 00000000 00:00 0 
7fb212d00000-7fb212dfd000 rw-p 00000000 00:00 0 
7fb212efe000-7fb213eff000 rw-p 00000000 00:00 0 
7fb213eff000-7fb213f03000 ---p 00000000 00:00 0 
7fb213f03000-7fb214000000 rw-p 00000000 00:00 0 
7fb214000000-7fb21403a000 rw-p 00000000 00:00 0 
7fb21403a000-7fb218000000 ---p 00000000 00:00 0 
7fb218000000-7fb21804a000 rw-p 00000000 00:00 0 
7fb21804a000-7fb21c000000 ---p 00000000 00:00 0 
7fb21c000000-7fb21c060000 rw-p 00000000 00:00 0 
7fb21c060000-7fb220000000 ---p 00000000 00:00 0 
7fb220000000-7fb220041000 rw-p 00000000 00:00 0 
7fb220041000-7fb224000000 ---p 00000000 00:00 0 
7fb224000000-7fb224098000 rw-p 00000000 00:00 0 
7fb224098000-7fb228000000 ---p 00000000 00:00 0 
7fb228000000-7fb22803d000 rw-p 00000000 00:00 0 
7fb22803d000-7fb22c000000 ---p 00000000 00:00 0 
7fb22c000000-7fb22c037000 rw-p 00000000 00:00 0 
7fb22c037000-7fb230000000 ---p 00000000 00:00 0 
7fb230000000-7fb230036000 rw-p 00000000 00:00 0 
7fb230036000-7fb234000000 ---p 00000000 00:00 0 
7fb234000000-7fb235382000 rw-p 00000000 00:00 0 
7fb235382000-7fb238000000 ---p 00000000 00:00 0 
7fb238000000-7fb2389fe000 rw-p 00000000 00:00 0 
7fb2389fe000-7fb23c000000 ---p 00000000 00:00 0 
7fb23c000000-7fb23c05c000 rw-p 00000000 00:00 0 
7fb23c05c000-7fb240000000 ---p 00000000 00:00 0 
7fb240000000-7fb241768000 rw-p 00000000 00:00 0 
7fb241768000-7fb244000000 ---p 00000000 00:00 0 
7fb244000000-7fb244046000 rw-p 00000000 00:00 0 
7fb244046000-7fb248000000 ---p 00000000 00:00 0 
7fb248000000-7fb248023000 rw-p 00000000 00:00 0 
7fb248023000-7fb24c000000 ---p 00000000 00:00 0 
7fb24c000000-7fb24c3b6000 rw-p 00000000 00:00 0 
7fb24c3b6000-7fb250000000 ---p 00000000 00:00 0 
7fb250000000-7fb250067000 rw-p 00000000 00:00 0 
7fb250067000-7fb254000000 ---p 00000000 00:00 0 
7fb254020000-7fb254024000 ---p 00000000 00:00 0 
7fb254024000-7fb254242000 rw-p 00000000 00:00 0 
7fb254242000-7fb254246000 ---p 00000000 00:00 0 
7fb254246000-7fb254343000 rw-p 00000000 00:00 0 
7fb254343000-7fb254347000 ---p 00000000 00:00 0 
7fb254347000-7fb254444000 rw-p 00000000 00:00 0 
7fb254444000-7fb254448000 ---p 00000000 00:00 0 
7fb254448000-7fb254745000 rw-p 00000000 00:00 0 
7fb2547e0000-7fb2547e4000 ---p 00000000 00:00 0 
7fb2547e4000-7fb254802000 rw-p 00000000 00:00 0 
7fb254802000-7fb254806000 ---p 00000000 00:00 0 
7fb254806000-7fb254824000 rw-p 00000000 00:00 0 
7fb254824000-7fb254828000 ---p 00000000 00:00 0 
7fb254828000-7fb254846000 rw-p 00000000 00:00 0 
7fb254846000-7fb25484a000 ---p 00000000 00:00 0 
7fb25484a000-7fb254b47000 rw-p 00000000 00:00 0 
7fb254b47000-7fb254b4c000 r-xp 00000000 08:05 559247                     /home/allison/.cache/bazel/_bazel_allison/install/792a28b07894763eaa2bd870f8776b23/_embedded_binaries/embedded_tools/jdk/lib/libmanagement_ext.so
7fb254b4c000-7fb254d4c000 ---p 00005000 08:05 559247                     /home/allison/.cache/bazel/_bazel_allison/install/792a28b07894763eaa2bd870f8776b23/_embedded_binaries/embedded_tools/jdk/lib/libmanagement_ext.so
7fb254d4c000-7fb254d4d000 rw-p 00005000 08:05 559247                     /home/allison/.cache/bazel/_bazel_allison/install/792a28b07894763eaa2bd870f8776b23/_embedded_binaries/embedded_tools/jdk/lib/libmanagement_ext.so
7fb254d4d000-7fb254d51000 r-xp 00000000 08:05 559245                     /home/allison/.cache/bazel/_bazel_allison/install/792a28b07894763eaa2bd870f8776b23/_embedded_binaries/embedded_tools/jdk/lib/libmanagement.so
7fb254d51000-7fb254f50000 ---p 00004000 08:05 559245                     /home/allison/.cache/bazel/_bazel_allison/install/792a28b07894763eaa2bd870f8776b23/_embedded_binaries/embedded_tools/jdk/lib/libmanagement.so
7fb254f50000-7fb254f51000 rw-p 00003000 08:05 559245                     /home/allison/.cache/bazel/_bazel_allison/install/792a28b07894763eaa2bd870f8776b23/_embedded_binaries/embedded_tools/jdk/lib/libmanagement.so
7fb254f51000-7fb255151000 rw-p 00000000 00:00 0 
7fb255151000-7fb255351000 rw-p 00000000 00:00 0 
7fb255351000-7fb255551000 rw-p 00000000 00:00 0 
7fb255551000-7fb255751000 rw-p 00000000 00:00 0 
7fb255751000-7fb255951000 rw-p 00000000 00:00 0 
7fb255951000-7fb255952000 ---p 00000000 00:00 0 
7fb255952000-7fb255a53000 rw-p 00000000 00:00 0 
7fb255a53000-7fb255a57000 ---p 00000000 00:00 0 
7fb255a57000-7fb255b54000 rw-p 00000000 00:00 0 
7fb255b54000-7fb255b58000 ---p 00000000 00:00 0 
7fb255b58000-7fb255c55000 rw-p 00000000 00:00 0 
7fb255c55000-7fb255c6c000 r-xp 00000000 08:05 559250                     /home/allison/.cache/bazel/_bazel_allison/install/792a28b07894763eaa2bd870f8776b23/_embedded_binaries/embedded_tools/jdk/lib/libnet.so
7fb255c6c000-7fb255e6b000 ---p 00017000 08:05 559250                     /home/allison/.cache/bazel/_bazel_allison/install/792a28b07894763eaa2bd870f8776b23/_embedded_binaries/embedded_tools/jdk/lib/libnet.so
7fb255e6b000-7fb255e6c000 rw-p 00016000 08:05 559250                     /home/allison/.cache/bazel/_bazel_allison/install/792a28b07894763eaa2bd870f8776b23/_embedded_binaries/embedded_tools/jdk/lib/libnet.so
7fb255e6c000-7fb255e7d000 r-xp 00000000 08:05 559251                     /home/allison/.cache/bazel/_bazel_allison/install/792a28b07894763eaa2bd870f8776b23/_embedded_binaries/embedded_tools/jdk/lib/libnio.so
7fb255e7d000-7fb25607c000 ---p 00011000 08:05 559251                     /home/allison/.cache/bazel/_bazel_allison/install/792a28b07894763eaa2bd870f8776b23/_embedded_binaries/embedded_tools/jdk/lib/libnio.so
7fb25607c000-7fb25607d000 rw-p 00010000 08:05 559251                     /home/allison/.cache/bazel/_bazel_allison/install/792a28b07894763eaa2bd870f8776b23/_embedded_binaries/embedded_tools/jdk/lib/libnio.so
7fb25607d000-7fb256081000 ---p 00000000 00:00 0 
7fb256081000-7fb25617e000 rw-p 00000000 00:00 0 
7fb25617e000-7fb256182000 ---p 00000000 00:00 0 
7fb256182000-7fb25627f000 rw-p 00000000 00:00 0 
7fb25627f000-7fb256283000 ---p 00000000 00:00 0 
7fb256283000-7fb258000000 rw-p 00000000 00:00 0 
7fb258000000-7fb25805e000 rw-p 00000000 00:00 0 
7fb25805e000-7fb25c000000 ---p 00000000 00:00 0 
7fb25c000000-7fb25c04a000 rw-p 00000000 00:00 0 
7fb25c04a000-7fb260000000 ---p 00000000 00:00 0 
7fb260000000-7fb2600ab000 rw-p 00000000 00:00 0 
7fb2600ab000-7fb264000000 ---p 00000000 00:00 0 
7fb26400b000-7fb26400f000 ---p 00000000 00:00 0 
7fb26400f000-7fb26410c000 rw-p 00000000 00:00 0 
7fb26410c000-7fb264110000 ---p 00000000 00:00 0 
7fb264110000-7fb26420d000 rw-p 00000000 00:00 0 
7fb26420d000-7fb2644eb000 r--p 00000000 08:05 917234                     /usr/lib/locale/locale-archive
7fb2644eb000-7fb2644ef000 ---p 00000000 00:00 0 
7fb2644ef000-7fb2645ec000 rw-p 00000000 00:00 0 
7fb2645ec000-7fb2645f0000 ---p 00000000 00:00 0 
7fb2645f0000-7fb2646ed000 rw-p 00000000 00:00 0 
7fb2646ed000-7fb2646ee000 ---p 00000000 00:00 0 
7fb2646ee000-7fb265774000 rw-p 00000000 00:00 0 
7fb265774000-7fb2659e4000 rwxp 00000000 00:00 0 
7fb2659e4000-7fb265d04000 ---p 00000000 00:00 0 
7fb265d04000-7fb2671b4000 rwxp 00000000 00:00 0 
7fb2671b4000-7fb26d23c000 ---p 00000000 00:00 0 
7fb26d23c000-7fb26d77c000 rwxp 00000000 00:00 0 
7fb26d77c000-7fb274774000 ---p 00000000 00:00 0 
7fb274774000-7fb27c000000 r--s 00000000 08:05 559266                     /home/allison/.cache/bazel/_bazel_allison/install/792a28b07894763eaa2bd870f8776b23/_embedded_binaries/embedded_tools/jdk/lib/modules
7fb27c000000-7fb27c9b9000 rw-p 00000000 00:00 0 
7fb27c9b9000-7fb280000000 ---p 00000000 00:00 0 
7fb280007000-7fb28000b000 ---p 00000000 00:00 0 
7fb28000b000-7fb2809f1000 rw-p 00000000 00:00 0 
7fb2809f1000-7fb2809f2000 ---p 00000000 00:00 0 
7fb2809f2000-7fb280af3000 rw-p 00000000 00:00 0 
7fb280af3000-7fb280af4000 ---p 00000000 00:00 0 
7fb280af4000-7fb280bf5000 rw-p 00000000 00:00 0 
7fb280bf5000-7fb280bf6000 ---p 00000000 00:00 0 
7fb280bf6000-7fb280cf7000 rw-p 00000000 00:00 0 
7fb280cf7000-7fb280cf8000 ---p 00000000 00:00 0 
7fb280cf8000-7fb280e0d000 rw-p 00000000 00:00 0 
7fb280e0d000-7fb280f29000 ---p 00000000 00:00 0 
7fb280f29000-7fb280f3d000 rw-p 00000000 00:00 0 
7fb280f3d000-7fb281059000 ---p 00000000 00:00 0 
7fb281059000-7fb2810d1000 rw-p 00000000 00:00 0 
7fb2810d1000-7fb2810f1000 ---p 00000000 00:00 0 
7fb2810f1000-7fb2810fd000 rw-p 00000000 00:00 0 
7fb2810fd000-7fb2811dd000 ---p 00000000 00:00 0 
7fb2811dd000-7fb281207000 rw-p 00000000 00:00 0 
7fb281207000-7fb2812c8000 ---p 00000000 00:00 0 
7fb2812c8000-7fb2812d3000 r-xp 00000000 08:05 559235                     /home/allison/.cache/bazel/_bazel_allison/install/792a28b07894763eaa2bd870f8776b23/_embedded_binaries/embedded_tools/jdk/lib/libjimage.so
7fb2812d3000-7fb2814d3000 ---p 0000b000 08:05 559235                     /home/allison/.cache/bazel/_bazel_allison/install/792a28b07894763eaa2bd870f8776b23/_embedded_binaries/embedded_tools/jdk/lib/libjimage.so
7fb2814d3000-7fb2814d4000 rw-p 0000b000 08:05 559235                     /home/allison/.cache/bazel/_bazel_allison/install/792a28b07894763eaa2bd870f8776b23/_embedded_binaries/embedded_tools/jdk/lib/libjimage.so
7fb2814d4000-7fb2814db000 r-xp 00000000 08:05 559265                     /home/allison/.cache/bazel/_bazel_allison/install/792a28b07894763eaa2bd870f8776b23/_embedded_binaries/embedded_tools/jdk/lib/libzip.so
7fb2814db000-7fb2816da000 ---p 00007000 08:05 559265                     /home/allison/.cache/bazel/_bazel_allison/install/792a28b07894763eaa2bd870f8776b23/_embedded_binaries/embedded_tools/jdk/lib/libzip.so
7fb2816da000-7fb2816db000 rw-p 00006000 08:05 559265                     /home/allison/.cache/bazel/_bazel_allison/install/792a28b07894763eaa2bd870f8776b23/_embedded_binaries/embedded_tools/jdk/lib/libzip.so
7fb2816db000-7fb2816e6000 r-xp 00000000 08:05 658707                     /lib/x86_64-linux-gnu/libnss_files-2.27.so
7fb2816e6000-7fb2818e5000 ---p 0000b000 08:05 658707                     /lib/x86_64-linux-gnu/libnss_files-2.27.so
7fb2818e5000-7fb2818e6000 r--p 0000a000 08:05 658707                     /lib/x86_64-linux-gnu/libnss_files-2.27.so
7fb2818e6000-7fb2818e7000 rw-p 0000b000 08:05 658707                     /lib/x86_64-linux-gnu/libnss_files-2.27.so
7fb2818e7000-7fb2818ed000 rw-p 00000000 00:00 0 
7fb2818ed000-7fb281904000 r-xp 00000000 08:05 658704                     /lib/x86_64-linux-gnu/libnsl-2.27.so
7fb281904000-7fb281b03000 ---p 00017000 08:05 658704                     /lib/x86_64-linux-gnu/libnsl-2.27.so
7fb281b03000-7fb281b04000 r--p 00016000 08:05 658704                     /lib/x86_64-linux-gnu/libnsl-2.27.so
7fb281b04000-7fb281b05000 rw-p 00017000 08:05 658704                     /lib/x86_64-linux-gnu/libnsl-2.27.so
7fb281b05000-7fb281b07000 rw-p 00000000 00:00 0 
7fb281b07000-7fb281b12000 r-xp 00000000 08:05 658709                     /lib/x86_64-linux-gnu/libnss_nis-2.27.so
7fb281b12000-7fb281d11000 ---p 0000b000 08:05 658709                     /lib/x86_64-linux-gnu/libnss_nis-2.27.so
7fb281d11000-7fb281d12000 r--p 0000a000 08:05 658709                     /lib/x86_64-linux-gnu/libnss_nis-2.27.so
7fb281d12000-7fb281d13000 rw-p 0000b000 08:05 658709                     /lib/x86_64-linux-gnu/libnss_nis-2.27.so
7fb281d13000-7fb281d1b000 r-xp 00000000 08:05 658705                     /lib/x86_64-linux-gnu/libnss_compat-2.27.so
7fb281d1b000-7fb281f1b000 ---p 00008000 08:05 658705                     /lib/x86_64-linux-gnu/libnss_compat-2.27.so
7fb281f1b000-7fb281f1c000 r--p 00008000 08:05 658705                     /lib/x86_64-linux-gnu/libnss_compat-2.27.so
7fb281f1c000-7fb281f1d000 rw-p 00009000 08:05 658705                     /lib/x86_64-linux-gnu/libnss_compat-2.27.so
7fb281f1d000-7fb281f46000 r-xp 00000000 08:05 559229                     /home/allison/.cache/bazel/_bazel_allison/install/792a28b07894763eaa2bd870f8776b23/_embedded_binaries/embedded_tools/jdk/lib/libjava.so
7fb281f46000-7fb282146000 ---p 00029000 08:05 559229                     /home/allison/.cache/bazel/_bazel_allison/install/792a28b07894763eaa2bd870f8776b23/_embedded_binaries/embedded_tools/jdk/lib/libjava.so
7fb282146000-7fb282148000 rw-p 00029000 08:05 559229                     /home/allison/.cache/bazel/_bazel_allison/install/792a28b07894763eaa2bd870f8776b23/_embedded_binaries/embedded_tools/jdk/lib/libjava.so
7fb282148000-7fb282155000 r-xp 00000000 08:05 559262                     /home/allison/.cache/bazel/_bazel_allison/install/792a28b07894763eaa2bd870f8776b23/_embedded_binaries/embedded_tools/jdk/lib/libverify.so
7fb282155000-7fb282355000 ---p 0000d000 08:05 559262                     /home/allison/.cache/bazel/_bazel_allison/install/792a28b07894763eaa2bd870f8776b23/_embedded_binaries/embedded_tools/jdk/lib/libverify.so
7fb282355000-7fb282357000 rw-p 0000d000 08:05 559262                     /home/allison/.cache/bazel/_bazel_allison/install/792a28b07894763eaa2bd870f8776b23/_embedded_binaries/embedded_tools/jdk/lib/libverify.so
7fb282357000-7fb28235e000 r-xp 00000000 08:05 658714                     /lib/x86_64-linux-gnu/librt-2.27.so
7fb28235e000-7fb28255d000 ---p 00007000 08:05 658714                     /lib/x86_64-linux-gnu/librt-2.27.so
7fb28255d000-7fb28255e000 r--p 00006000 08:05 658714                     /lib/x86_64-linux-gnu/librt-2.27.so
7fb28255e000-7fb28255f000 rw-p 00007000 08:05 658714                     /lib/x86_64-linux-gnu/librt-2.27.so
7fb28255f000-7fb282576000 r-xp 00000000 08:05 655467                     /lib/x86_64-linux-gnu/libgcc_s.so.1
7fb282576000-7fb282775000 ---p 00017000 08:05 655467                     /lib/x86_64-linux-gnu/libgcc_s.so.1
7fb282775000-7fb282776000 r--p 00016000 08:05 655467                     /lib/x86_64-linux-gnu/libgcc_s.so.1
7fb282776000-7fb282777000 rw-p 00017000 08:05 655467                     /lib/x86_64-linux-gnu/libgcc_s.so.1
7fb282777000-7fb282914000 r-xp 00000000 08:05 658701                     /lib/x86_64-linux-gnu/libm-2.27.so
7fb282914000-7fb282b13000 ---p 0019d000 08:05 658701                     /lib/x86_64-linux-gnu/libm-2.27.so
7fb282b13000-7fb282b14000 r--p 0019c000 08:05 658701                     /lib/x86_64-linux-gnu/libm-2.27.so
7fb282b14000-7fb282b15000 rw-p 0019d000 08:05 658701                     /lib/x86_64-linux-gnu/libm-2.27.so
7fb282b15000-7fb282c8e000 r-xp 00000000 08:05 919741                     /usr/lib/x86_64-linux-gnu/libstdc++.so.6.0.25
7fb282c8e000-7fb282e8e000 ---p 00179000 08:05 919741                     /usr/lib/x86_64-linux-gnu/libstdc++.so.6.0.25
7fb282e8e000-7fb282e98000 r--p 00179000 08:05 919741                     /usr/lib/x86_64-linux-gnu/libstdc++.so.6.0.25
7fb282e98000-7fb282e9a000 rw-p 00183000 08:05 919741                     /usr/lib/x86_64-linux-gnu/libstdc++.so.6.0.25
7fb282e9a000-7fb282e9e000 rw-p 00000000 00:00 0 
7fb282e9e000-7fb283da1000 r-xp 00000000 08:05 559275                     /home/allison/.cache/bazel/_bazel_allison/install/792a28b07894763eaa2bd870f8776b23/_embedded_binaries/embedded_tools/jdk/lib/server/libjvm.so
7fb283da1000-7fb283fa1000 ---p 00f03000 08:05 559275                     /home/allison/.cache/bazel/_bazel_allison/install/792a28b07894763eaa2bd870f8776b23/_embedded_binaries/embedded_tools/jdk/lib/server/libjvm.so
7fb283fa1000-7fb284071000 r--p 00f03000 08:05 559275                     /home/allison/.cache/bazel/_bazel_allison/install/792a28b07894763eaa2bd870f8776b23/_embedded_binaries/embedded_tools/jdk/lib/server/libjvm.so
7fb284071000-7fb2840a6000 rw-p 00fd3000 08:05 559275                     /home/allison/.cache/bazel/_bazel_allison/install/792a28b07894763eaa2bd870f8776b23/_embedded_binaries/embedded_tools/jdk/lib/server/libjvm.so
7fb2840a6000-7fb2840ef000 rw-p 00000000 00:00 0 
7fb2840ef000-7fb2842d6000 r-xp 00000000 08:05 658697                     /lib/x86_64-linux-gnu/libc-2.27.so
7fb2842d6000-7fb2844d6000 ---p 001e7000 08:05 658697                     /lib/x86_64-linux-gnu/libc-2.27.so
7fb2844d6000-7fb2844da000 r--p 001e7000 08:05 658697                     /lib/x86_64-linux-gnu/libc-2.27.so
7fb2844da000-7fb2844dc000 rw-p 001eb000 08:05 658697                     /lib/x86_64-linux-gnu/libc-2.27.so
7fb2844dc000-7fb2844e0000 rw-p 00000000 00:00 0 
7fb2844e0000-7fb2844e3000 r-xp 00000000 08:05 658700                     /lib/x86_64-linux-gnu/libdl-2.27.so
7fb2844e3000-7fb2846e2000 ---p 00003000 08:05 658700                     /lib/x86_64-linux-gnu/libdl-2.27.so
7fb2846e2000-7fb2846e3000 r--p 00002000 08:05 658700                     /lib/x86_64-linux-gnu/libdl-2.27.so
7fb2846e3000-7fb2846e4000 rw-p 00003000 08:05 658700                     /lib/x86_64-linux-gnu/libdl-2.27.so
7fb2846e4000-7fb2846f2000 r-xp 00000000 08:05 559207                     /home/allison/.cache/bazel/_bazel_allison/install/792a28b07894763eaa2bd870f8776b23/_embedded_binaries/embedded_tools/jdk/lib/jli/libjli.so
7fb2846f2000-7fb2848f1000 ---p 0000e000 08:05 559207                     /home/allison/.cache/bazel/_bazel_allison/install/792a28b07894763eaa2bd870f8776b23/_embedded_binaries/embedded_tools/jdk/lib/jli/libjli.so
7fb2848f1000-7fb2848f2000 rw-p 0000d000 08:05 559207                     /home/allison/.cache/bazel/_bazel_allison/install/792a28b07894763eaa2bd870f8776b23/_embedded_binaries/embedded_tools/jdk/lib/jli/libjli.so
7fb2848f2000-7fb28490c000 r-xp 00000000 08:05 658712                     /lib/x86_64-linux-gnu/libpthread-2.27.so
7fb28490c000-7fb284b0b000 ---p 0001a000 08:05 658712                     /lib/x86_64-linux-gnu/libpthread-2.27.so
7fb284b0b000-7fb284b0c000 r--p 00019000 08:05 658712                     /lib/x86_64-linux-gnu/libpthread-2.27.so
7fb284b0c000-7fb284b0d000 rw-p 0001a000 08:05 658712                     /lib/x86_64-linux-gnu/libpthread-2.27.so
7fb284b0d000-7fb284b11000 rw-p 00000000 00:00 0 
7fb284b11000-7fb284b2d000 r-xp 00000000 08:05 655667                     /lib/x86_64-linux-gnu/libz.so.1.2.11
7fb284b2d000-7fb284d2c000 ---p 0001c000 08:05 655667                     /lib/x86_64-linux-gnu/libz.so.1.2.11
7fb284d2c000-7fb284d2d000 r--p 0001b000 08:05 655667                     /lib/x86_64-linux-gnu/libz.so.1.2.11
7fb284d2d000-7fb284d2e000 rw-p 0001c000 08:05 655667                     /lib/x86_64-linux-gnu/libz.so.1.2.11
7fb284d2e000-7fb284d55000 r-xp 00000000 08:05 656534                     /lib/x86_64-linux-gnu/ld-2.27.so
7fb284d6b000-7fb284d6f000 ---p 00000000 00:00 0 
7fb284d6f000-7fb284d8d000 rw-p 00000000 00:00 0 
7fb284d8d000-7fb284d91000 ---p 00000000 00:00 0 
7fb284d91000-7fb284daf000 rw-p 00000000 00:00 0 
7fb284daf000-7fb284dc4000 r-xp 00000000 08:05 571856                     /home/allison/.cache/bazel/_bazel_allison/install/792a28b07894763eaa2bd870f8776b23/_embedded_binaries/libunix.so
7fb284dc4000-7fb284dc5000 r--p 00014000 08:05 571856                     /home/allison/.cache/bazel/_bazel_allison/install/792a28b07894763eaa2bd870f8776b23/_embedded_binaries/libunix.so
7fb284dc5000-7fb284dc6000 rw-p 00015000 08:05 571856                     /home/allison/.cache/bazel/_bazel_allison/install/792a28b07894763eaa2bd870f8776b23/_embedded_binaries/libunix.so
7fb284dc6000-7fb284e33000 rw-p 00000000 00:00 0 
7fb284e33000-7fb284e34000 ---p 00000000 00:00 0 
7fb284e34000-7fb284e35000 rw-p 00000000 00:00 0 
7fb284e35000-7fb284e39000 ---p 00000000 00:00 0 
7fb284e39000-7fb284f36000 rw-p 00000000 00:00 0 
7fb284f3c000-7fb284f3d000 r--p 00000000 00:00 0 
7fb284f3d000-7fb284f42000 rw-p 00000000 00:00 0 
7fb284f42000-7fb284f49000 ---p 00000000 00:00 0 
7fb284f49000-7fb284f51000 rw-s 00000000 08:05 579562                     /tmp/hsperfdata_allison/2970 (deleted)
7fb284f51000-7fb284f52000 rw-p 00000000 00:00 0 
7fb284f52000-7fb284f53000 ---p 00000000 00:00 0 
7fb284f53000-7fb284f55000 rw-p 00000000 00:00 0 
7fb284f55000-7fb284f56000 r--p 00027000 08:05 656534                     /lib/x86_64-linux-gnu/ld-2.27.so
7fb284f56000-7fb284f57000 rw-p 00028000 08:05 656534                     /lib/x86_64-linux-gnu/ld-2.27.so
7fb284f57000-7fb284f58000 rw-p 00000000 00:00 0 
7fff885b2000-7fff885d4000 rw-p 00000000 00:00 0                          [stack]
7fff885f8000-7fff885fb000 r--p 00000000 00:00 0                          [vvar]
7fff885fb000-7fff885fd000 r-xp 00000000 00:00 0                          [vdso]
ffffffffff600000-ffffffffff601000 r-xp 00000000 00:00 0                  [vsyscall]

VM Arguments:
jvm_args: -XX:+HeapDumpOnOutOfMemoryError -XX:HeapDumpPath=/home/allison/.cache/bazel/_bazel_allison/4efee9c8eeaf8b48423064077c2c72c0 -XX:+UseParallelOldGC --add-opens=java.base/java.nio=ALL-UNNAMED -Xverify:none -Djava.util.logging.config.file=/home/allison/.cache/bazel/_bazel_allison/4efee9c8eeaf8b48423064077c2c72c0/javalog.properties -Djava.library.path=/home/allison/.cache/bazel/_bazel_allison/install/792a28b07894763eaa2bd870f8776b23/_embedded_binaries/embedded_tools/jdk/lib/jli:/home/allison/.cache/bazel/_bazel_allison/install/792a28b07894763eaa2bd870f8776b23/_embedded_binaries/embedded_tools/jdk/lib:/home/allison/.cache/bazel/_bazel_allison/install/792a28b07894763eaa2bd870f8776b23/_embedded_binaries/embedded_tools/jdk/lib/server:/home/allison/.cache/bazel/_bazel_allison/install/792a28b07894763eaa2bd870f8776b23/_embedded_binaries/ -Dfile.encoding=ISO-8859-1 
java_command: /home/allison/.cache/bazel/_bazel_allison/install/792a28b07894763eaa2bd870f8776b23/_embedded_binaries/A-server.jar --max_idle_secs=10800 --connect_timeout_secs=30 --output_user_root=/home/allison/.cache/bazel/_bazel_allison --install_base=/home/allison/.cache/bazel/_bazel_allison/install/792a28b07894763eaa2bd870f8776b23 --install_md5=792a28b07894763eaa2bd870f8776b23 --output_base=/home/allison/.cache/bazel/_bazel_allison/4efee9c8eeaf8b48423064077c2c72c0 --workspace_directory=/home/allison/server --default_system_javabase=/usr/lib/jvm/java-8-oracle --deep_execroot --expand_configs_in_place --idle_server_tasks --noexperimental_oom_more_eagerly --experimental_oom_more_eagerly_threshold=100 --write_command_log --nowatchfs --nofatal_event_bus_exceptions --client_debug=false --product_name=Bazel --option_sources=
java_class_path (initial): /home/allison/.cache/bazel/_bazel_allison/install/792a28b07894763eaa2bd870f8776b23/_embedded_binaries/A-server.jar
Launcher Type: SUN_STANDARD

Logging:
Log output configuration:
#0: stdout all=warning uptime,level,tags
#1: stderr all=off uptime,level,tags

Environment Variables:
JAVA_HOME=/usr/lib/jvm/java-8-oracle
PATH=/home/allison/flutter/bin:/home/allison/anaconda3/bin:/home/allison/anaconda3/bin:/home/allison/flutter/bin:/home/allison/anaconda3/bin:/home/allison/anaconda3/bin:/home/allison/bin:/home/allison/.local/bin:/usr/local/sbin:/usr/local/bin:/usr/sbin:/usr/bin:/sbin:/bin:/usr/games:/usr/local/games:/snap/bin:/usr/lib/jvm/java-8-oracle/bin:/usr/lib/jvm/java-8-oracle/db/bin:/usr/lib/jvm/java-8-oracle/jre/bin:/home/allison/bin:/home/allison/protoc-3.6.1-linux-x86_64/bin:/home/allison/bin:/home/allison/protoc-3.6.1-linux-x86_64/bin
SHELL=/bin/bash
DISPLAY=:0

Signal Handlers:
SIGSEGV: [libjvm.so+0xc7bf20], sa_mask[0]=11111111011111111101111111111110, sa_flags=SA_RESTART|SA_SIGINFO
SIGBUS: [libjvm.so+0xc7bf20], sa_mask[0]=11111111011111111101111111111110, sa_flags=SA_RESTART|SA_SIGINFO
SIGFPE: [libjvm.so+0xc7bf20], sa_mask[0]=11111111011111111101111111111110, sa_flags=SA_RESTART|SA_SIGINFO
SIGPIPE: [libjvm.so+0xab5a30], sa_mask[0]=11111111011111111101111111111110, sa_flags=SA_RESTART|SA_SIGINFO
SIGXFSZ: [libjvm.so+0xab5a30], sa_mask[0]=11111111011111111101111111111110, sa_flags=SA_RESTART|SA_SIGINFO
SIGILL: [libjvm.so+0xc7bf20], sa_mask[0]=11111111011111111101111111111110, sa_flags=SA_RESTART|SA_SIGINFO
SIGUSR2: [libjvm.so+0xab5640], sa_mask[0]=00000000000000000000000000000000, sa_flags=SA_RESTART|SA_SIGINFO
SIGHUP: SIG_IGN, sa_mask[0]=00000000000000000000000000000000, sa_flags=none
SIGINT: [libjvm.so+0xab8cf0], sa_mask[0]=11111111011111111101111111111110, sa_flags=SA_RESTART|SA_SIGINFO
SIGTERM: [libjvm.so+0xab8cf0], sa_mask[0]=11111111011111111101111111111110, sa_flags=SA_RESTART|SA_SIGINFO
SIGQUIT: [libjvm.so+0xab8cf0], sa_mask[0]=11111111011111111101111111111110, sa_flags=SA_RESTART|SA_SIGINFO


---------------  S Y S T E M  ---------------

OS:DISTRIB_ID=Ubuntu
DISTRIB_RELEASE=18.04
DISTRIB_CODENAME=bionic
DISTRIB_DESCRIPTION="Ubuntu 18.04.1 LTS"
uname:Linux 4.15.0-42-generic #45-Ubuntu SMP Thu Nov 15 19:32:57 UTC 2018 x86_64
libc:glibc 2.27 NPTL 2.27 
rlimit: STACK 8192k, CORE 0k, NPROC 14346, NOFILE 4096, AS infinity
load average:8.78 4.24 2.46

/proc/meminfo:
MemTotal:        3733136 kB
MemFree:           81608 kB
MemAvailable:      13492 kB
Buffers:             368 kB
Cached:           255008 kB
SwapCached:         7720 kB
Active:          2855956 kB
Inactive:         582784 kB
Active(anon):    2839248 kB
Inactive(anon):   567776 kB
Active(file):      16708 kB
Inactive(file):    15008 kB
Unevictable:        1128 kB
Mlocked:            1128 kB
SwapTotal:       1535996 kB
SwapFree:              0 kB
Dirty:               108 kB
Writeback:           168 kB
AnonPages:       3177968 kB
Mapped:            83024 kB
Shmem:            223036 kB
Slab:              93480 kB
SReclaimable:      43952 kB
SUnreclaim:        49528 kB
KernelStack:       13840 kB
PageTables:        53312 kB
NFS_Unstable:          0 kB
Bounce:                0 kB
WritebackTmp:          0 kB
CommitLimit:     3402564 kB
Committed_AS:    9695484 kB
VmallocTotal:   34359738367 kB
VmallocUsed:           0 kB
VmallocChunk:          0 kB
HardwareCorrupted:     0 kB
AnonHugePages:         0 kB
ShmemHugePages:        0 kB
ShmemPmdMapped:        0 kB
CmaTotal:              0 kB
CmaFree:               0 kB
HugePages_Total:       0
HugePages_Free:        0
HugePages_Rsvd:        0
HugePages_Surp:        0
Hugepagesize:       2048 kB
DirectMap4k:      202024 kB
DirectMap2M:     3682304 kB


CPU:total 4 (initial active 4) (2 cores per cpu, 2 threads per core) family 6 model 58 stepping 9, cmov, cx8, fxsr, mmx, sse, sse2, sse3, ssse3, sse4.1, sse4.2, popcnt, avx, aes, clmul, erms, ht, tsc, tscinvbit, tscinv
CPU Model and flags from /proc/cpuinfo:
model name	: Intel(R) Core(TM) i5-3427U CPU @ 1.80GHz
flags		: fpu vme de pse tsc msr pae mce cx8 apic sep mtrr pge mca cmov pat pse36 clflush dts acpi mmx fxsr sse sse2 ss ht tm pbe syscall nx rdtscp lm constant_tsc arch_perfmon pebs bts rep_good nopl xtopology nonstop_tsc cpuid aperfmperf pni pclmulqdq dtes64 monitor ds_cpl vmx smx est tm2 ssse3 cx16 xtpr pdcm pcid sse4_1 sse4_2 x2apic popcnt tsc_deadline_timer aes xsave avx f16c rdrand lahf_lm cpuid_fault epb pti ssbd ibrs ibpb stibp tpr_shadow vnmi flexpriority ept vpid fsgsbase smep erms xsaveopt dtherm ida arat pln pts flush_l1d

Memory: 4k page, physical 3733136k(87240k free), swap 1535996k(0k free)

vm_info: OpenJDK 64-Bit Server VM (9.0.7.1+1) for linux-amd64 JRE (9.0.7.1+1), built on Apr  6 2018 13:59:40 by "tester" with gcc 4.4.7 20120313 (Red Hat 4.4.7-3)

END.
